<?xml version="1.0" encoding="UTF-8"?>
<testng-results skipped="0" failed="0" ignored="0" total="1" passed="1">
  <reporter-output>
  </reporter-output>
  <suite name="Default suite" duration-ms="96" started-at="2021-08-04T08:09:18Z" finished-at="2021-08-04T08:09:18Z">
    <groups>
    </groups>
    <test name="Default test" duration-ms="96" started-at="2021-08-04T08:09:18Z" finished-at="2021-08-04T08:09:18Z">
      <class name="com.crm.Sdet18Api.DemoTest">
        <test-method status="PASS" signature="demo()[pri:0, instance:com.crm.Sdet18Api.DemoTest@226a82c4]" name="demo" duration-ms="17" started-at="2021-08-04T08:09:18Z" finished-at="2021-08-04T08:09:18Z">
          <reporter-output>
          </reporter-output>
        </test-method> <!-- demo -->
      </class> <!-- com.crm.Sdet18Api.DemoTest -->
    </test> <!-- Default test -->
  </suite> <!-- Default suite -->
</testng-results>
